{"level":"warn","message":"ALERTA, no hay precios en x producto"}
{"level":"warn","message":"ALERTA, no hay precios en x producto"}
{"level":"warn","message":"ALERTA, no hay precios en x producto"}
{"level":"fatal","message":"ERROR en todas las categorias"}
[31mfatal[39m: ERROR en todas las categorias
[31mfatal[39m: ERROR en todas las categorias
[31mfatal[39m: ERROR en todas las categorias
[31mfatal[39m: ERROR en todas las categorias
[31mfatal[39m: ERROR en todas las categorias
[31mfatal[39m: ERROR en todas las categorias
[31mfatal[39m: ERROR en todas las categorias
[31mfatal[39m: ERROR en todas las categorias
[31mfatal[39m: ERROR en todas las categorias
[31mfatal[39m: ERROR en todas las categorias
[31mfatal[39m: ERROR en todas las categorias
[31mfatal[39m: ERROR en todas las categorias
[31mfatal[39m: ERROR en todas las categorias
[31mfatal[39m: ERROR en todas las categorias
[31mfatal[39m: ERROR en todas las categorias
[31mfatal[39m: ERROR en todas las categorias
[31mfatal[39m: ERROR en todas las categorias
[31mfatal[39m: ERROR en todas las categorias
[31mfatal[39m: ERROR en todas las categorias
[31mfatal[39m: ERROR en todas las categorias
[31mfatal[39m: ERROR en todas las categorias
[31mfatal[39m: ERROR en todas las categorias
[31mfatal[39m: ERROR en todas las categorias
[31mfatal[39m: ERROR en todas las categorias
[31mfatal[39m: ERROR en todas las categorias
[31mfatal[39m: ERROR en todas las categorias
[31mfatal[39m: ERROR en todas las categorias
[31mfatal[39m: ERROR en todas las categorias
[31mfatal[39m: ERROR en todas las categorias
[31mfatal[39m: ERROR en todas las categorias
[31mfatal[39m: ERROR en todas las categorias
[31mfatal[39m: ERROR en todas las categorias
[36mfatal[39m: ERROR en todas las categorias
[36mfatal[39m: ERROR en todas las categorias
[36mfatal[39m: ERROR en todas las categorias
[32mfatal[39m: ERROR en todas las categorias
[31mfatal[39m: ERROR en todas las categorias
[31mfatal[39m: ERROR en todas las categorias
[31mfatal[39m: ERROR en todas las categorias
[31merror[39m: ERROR en categoria Alimentos
[31merror[39m: ERROR en categoria Alimentos
[33mwarning[39m: Warning,  no se encuentro x producto
[31mfatal[39m: ERROR en todas las categorias
[31mfatal[39m: ERROR en todas las categorias
[31mfatal[39m: ERROR en todas las categorias
[31merror[39m: ERROR en categoria Alimentos
[31merror[39m: ERROR en categoria Alimentos
[33mwarning[39m: Warning,  no se encuentro x producto
[31mfatal[39m: ERROR en todas las categorias
[31mfatal[39m: ERROR en todas las categorias
[31mfatal[39m: ERROR en todas las categorias
[31merror[39m: ERROR en categoria Alimentos
[31merror[39m: ERROR en categoria Alimentos
[33mwarning[39m: Warning,  no se encuentro x producto
[31mfatal[39m: ERROR en todas las categorias
[31mfatal[39m: ERROR en todas las categorias
[31mfatal[39m: ERROR en todas las categorias
[31merror[39m: ERROR en categoria Alimentos
[31merror[39m: ERROR en categoria Alimentos
[33mwarning[39m: Warning,  no se encuentro x producto
